mode: set
github.com/fanzhangio/demo-extending-k8s/pkg/controller/database/database_controller.go:62.37,64.2 1 0
github.com/fanzhangio/demo-extending-k8s/pkg/controller/database/database_controller.go:67.62,69.2 1 1
github.com/fanzhangio/demo-extending-k8s/pkg/controller/database/database_controller.go:72.61,75.16 2 1
github.com/fanzhangio/demo-extending-k8s/pkg/controller/database/database_controller.go:80.2,81.16 2 1
github.com/fanzhangio/demo-extending-k8s/pkg/controller/database/database_controller.go:87.2,91.16 2 1
github.com/fanzhangio/demo-extending-k8s/pkg/controller/database/database_controller.go:94.2,94.12 1 1
github.com/fanzhangio/demo-extending-k8s/pkg/controller/database/database_controller.go:75.16,77.3 1 0
github.com/fanzhangio/demo-extending-k8s/pkg/controller/database/database_controller.go:81.16,83.3 1 0
github.com/fanzhangio/demo-extending-k8s/pkg/controller/database/database_controller.go:91.16,93.3 1 0
github.com/fanzhangio/demo-extending-k8s/pkg/controller/database/database_controller.go:112.92,117.16 4 0
github.com/fanzhangio/demo-extending-k8s/pkg/controller/database/database_controller.go:129.2,130.26 2 0
github.com/fanzhangio/demo-extending-k8s/pkg/controller/database/database_controller.go:135.2,140.16 3 0
github.com/fanzhangio/demo-extending-k8s/pkg/controller/database/database_controller.go:144.2,146.42 3 0
github.com/fanzhangio/demo-extending-k8s/pkg/controller/database/database_controller.go:157.2,157.83 1 0
github.com/fanzhangio/demo-extending-k8s/pkg/controller/database/database_controller.go:167.2,167.32 1 0
github.com/fanzhangio/demo-extending-k8s/pkg/controller/database/database_controller.go:117.16,118.29 1 0
github.com/fanzhangio/demo-extending-k8s/pkg/controller/database/database_controller.go:125.3,126.33 2 0
github.com/fanzhangio/demo-extending-k8s/pkg/controller/database/database_controller.go:118.29,123.4 2 0
github.com/fanzhangio/demo-extending-k8s/pkg/controller/database/database_controller.go:130.26,133.3 2 0
github.com/fanzhangio/demo-extending-k8s/pkg/controller/database/database_controller.go:140.16,142.3 1 0
github.com/fanzhangio/demo-extending-k8s/pkg/controller/database/database_controller.go:146.42,150.17 3 0
github.com/fanzhangio/demo-extending-k8s/pkg/controller/database/database_controller.go:150.17,152.4 1 0
github.com/fanzhangio/demo-extending-k8s/pkg/controller/database/database_controller.go:153.8,153.23 1 0
github.com/fanzhangio/demo-extending-k8s/pkg/controller/database/database_controller.go:153.23,155.3 1 0
github.com/fanzhangio/demo-extending-k8s/pkg/controller/database/database_controller.go:157.83,158.17 1 0
github.com/fanzhangio/demo-extending-k8s/pkg/controller/database/database_controller.go:161.3,162.17 2 0
github.com/fanzhangio/demo-extending-k8s/pkg/controller/database/database_controller.go:158.17,160.4 1 0
github.com/fanzhangio/demo-extending-k8s/pkg/controller/database/database_controller.go:162.17,164.4 1 0
github.com/fanzhangio/demo-extending-k8s/pkg/controller/database/database_controller.go:173.102,212.2 4 0
github.com/fanzhangio/demo-extending-k8s/pkg/apis/example/v1/database_types.go:64.13,66.2 1 1
github.com/fanzhangio/demo-extending-k8s/pkg/apis/example/v1/register.go:43.53,45.2 1 0
github.com/fanzhangio/demo-extending-k8s/pkg/apis/example/v1/zz_generated.deepcopy.go:26.49,33.2 6 1
github.com/fanzhangio/demo-extending-k8s/pkg/apis/example/v1/zz_generated.deepcopy.go:36.42,37.15 1 1
github.com/fanzhangio/demo-extending-k8s/pkg/apis/example/v1/zz_generated.deepcopy.go:40.2,42.12 3 1
github.com/fanzhangio/demo-extending-k8s/pkg/apis/example/v1/zz_generated.deepcopy.go:37.15,39.3 1 0
github.com/fanzhangio/demo-extending-k8s/pkg/apis/example/v1/zz_generated.deepcopy.go:46.53,47.34 1 0
github.com/fanzhangio/demo-extending-k8s/pkg/apis/example/v1/zz_generated.deepcopy.go:50.2,50.12 1 0
github.com/fanzhangio/demo-extending-k8s/pkg/apis/example/v1/zz_generated.deepcopy.go:47.34,49.3 1 0
github.com/fanzhangio/demo-extending-k8s/pkg/apis/example/v1/zz_generated.deepcopy.go:54.57,58.21 4 0
github.com/fanzhangio/demo-extending-k8s/pkg/apis/example/v1/zz_generated.deepcopy.go:65.2,65.8 1 0
github.com/fanzhangio/demo-extending-k8s/pkg/apis/example/v1/zz_generated.deepcopy.go:58.21,61.22 3 0
github.com/fanzhangio/demo-extending-k8s/pkg/apis/example/v1/zz_generated.deepcopy.go:61.22,63.4 1 0
github.com/fanzhangio/demo-extending-k8s/pkg/apis/example/v1/zz_generated.deepcopy.go:69.50,70.15 1 0
github.com/fanzhangio/demo-extending-k8s/pkg/apis/example/v1/zz_generated.deepcopy.go:73.2,75.12 3 0
github.com/fanzhangio/demo-extending-k8s/pkg/apis/example/v1/zz_generated.deepcopy.go:70.15,72.3 1 0
github.com/fanzhangio/demo-extending-k8s/pkg/apis/example/v1/zz_generated.deepcopy.go:79.57,80.34 1 0
github.com/fanzhangio/demo-extending-k8s/pkg/apis/example/v1/zz_generated.deepcopy.go:83.2,83.12 1 0
github.com/fanzhangio/demo-extending-k8s/pkg/apis/example/v1/zz_generated.deepcopy.go:80.34,82.3 1 0
github.com/fanzhangio/demo-extending-k8s/pkg/apis/example/v1/zz_generated.deepcopy.go:87.57,89.24 2 1
github.com/fanzhangio/demo-extending-k8s/pkg/apis/example/v1/zz_generated.deepcopy.go:94.2,94.8 1 1
github.com/fanzhangio/demo-extending-k8s/pkg/apis/example/v1/zz_generated.deepcopy.go:89.24,93.3 3 1
github.com/fanzhangio/demo-extending-k8s/pkg/apis/example/v1/zz_generated.deepcopy.go:98.50,99.15 1 0
github.com/fanzhangio/demo-extending-k8s/pkg/apis/example/v1/zz_generated.deepcopy.go:102.2,104.12 3 0
github.com/fanzhangio/demo-extending-k8s/pkg/apis/example/v1/zz_generated.deepcopy.go:99.15,101.3 1 0
github.com/fanzhangio/demo-extending-k8s/pkg/apis/example/v1/zz_generated.deepcopy.go:108.61,111.2 2 0
github.com/fanzhangio/demo-extending-k8s/pkg/apis/example/v1/zz_generated.deepcopy.go:114.54,115.15 1 0
github.com/fanzhangio/demo-extending-k8s/pkg/apis/example/v1/zz_generated.deepcopy.go:118.2,120.12 3 0
github.com/fanzhangio/demo-extending-k8s/pkg/apis/example/v1/zz_generated.deepcopy.go:115.15,117.3 1 0
