mode: set
github.com/fanzhangio/demo-extending-k8s/pkg/apis/example/v1/database_types.go:64.13,66.2 1 1
github.com/fanzhangio/demo-extending-k8s/pkg/apis/example/v1/register.go:43.53,45.2 1 0
github.com/fanzhangio/demo-extending-k8s/pkg/apis/example/v1/zz_generated.deepcopy.go:26.49,33.2 6 1
github.com/fanzhangio/demo-extending-k8s/pkg/apis/example/v1/zz_generated.deepcopy.go:36.42,37.15 1 1
github.com/fanzhangio/demo-extending-k8s/pkg/apis/example/v1/zz_generated.deepcopy.go:40.2,42.12 3 1
github.com/fanzhangio/demo-extending-k8s/pkg/apis/example/v1/zz_generated.deepcopy.go:37.15,39.3 1 0
github.com/fanzhangio/demo-extending-k8s/pkg/apis/example/v1/zz_generated.deepcopy.go:46.53,47.34 1 0
github.com/fanzhangio/demo-extending-k8s/pkg/apis/example/v1/zz_generated.deepcopy.go:50.2,50.12 1 0
github.com/fanzhangio/demo-extending-k8s/pkg/apis/example/v1/zz_generated.deepcopy.go:47.34,49.3 1 0
github.com/fanzhangio/demo-extending-k8s/pkg/apis/example/v1/zz_generated.deepcopy.go:54.57,58.21 4 0
github.com/fanzhangio/demo-extending-k8s/pkg/apis/example/v1/zz_generated.deepcopy.go:65.2,65.8 1 0
github.com/fanzhangio/demo-extending-k8s/pkg/apis/example/v1/zz_generated.deepcopy.go:58.21,61.22 3 0
github.com/fanzhangio/demo-extending-k8s/pkg/apis/example/v1/zz_generated.deepcopy.go:61.22,63.4 1 0
github.com/fanzhangio/demo-extending-k8s/pkg/apis/example/v1/zz_generated.deepcopy.go:69.50,70.15 1 0
github.com/fanzhangio/demo-extending-k8s/pkg/apis/example/v1/zz_generated.deepcopy.go:73.2,75.12 3 0
github.com/fanzhangio/demo-extending-k8s/pkg/apis/example/v1/zz_generated.deepcopy.go:70.15,72.3 1 0
github.com/fanzhangio/demo-extending-k8s/pkg/apis/example/v1/zz_generated.deepcopy.go:79.57,80.34 1 0
github.com/fanzhangio/demo-extending-k8s/pkg/apis/example/v1/zz_generated.deepcopy.go:83.2,83.12 1 0
github.com/fanzhangio/demo-extending-k8s/pkg/apis/example/v1/zz_generated.deepcopy.go:80.34,82.3 1 0
github.com/fanzhangio/demo-extending-k8s/pkg/apis/example/v1/zz_generated.deepcopy.go:87.57,89.24 2 1
github.com/fanzhangio/demo-extending-k8s/pkg/apis/example/v1/zz_generated.deepcopy.go:94.2,94.8 1 1
github.com/fanzhangio/demo-extending-k8s/pkg/apis/example/v1/zz_generated.deepcopy.go:89.24,93.3 3 1
github.com/fanzhangio/demo-extending-k8s/pkg/apis/example/v1/zz_generated.deepcopy.go:98.50,99.15 1 0
github.com/fanzhangio/demo-extending-k8s/pkg/apis/example/v1/zz_generated.deepcopy.go:102.2,104.12 3 0
github.com/fanzhangio/demo-extending-k8s/pkg/apis/example/v1/zz_generated.deepcopy.go:99.15,101.3 1 0
github.com/fanzhangio/demo-extending-k8s/pkg/apis/example/v1/zz_generated.deepcopy.go:108.61,111.2 2 0
github.com/fanzhangio/demo-extending-k8s/pkg/apis/example/v1/zz_generated.deepcopy.go:114.54,115.15 1 0
github.com/fanzhangio/demo-extending-k8s/pkg/apis/example/v1/zz_generated.deepcopy.go:118.2,120.12 3 0
github.com/fanzhangio/demo-extending-k8s/pkg/apis/example/v1/zz_generated.deepcopy.go:115.15,117.3 1 0
github.com/fanzhangio/demo-extending-k8s/pkg/controller/database/database_controller.go:64.37,66.2 1 0
github.com/fanzhangio/demo-extending-k8s/pkg/controller/database/database_controller.go:69.62,71.2 1 1
github.com/fanzhangio/demo-extending-k8s/pkg/controller/database/database_controller.go:74.61,77.16 2 1
github.com/fanzhangio/demo-extending-k8s/pkg/controller/database/database_controller.go:82.2,83.16 2 1
github.com/fanzhangio/demo-extending-k8s/pkg/controller/database/database_controller.go:87.2,87.12 1 1
github.com/fanzhangio/demo-extending-k8s/pkg/controller/database/database_controller.go:77.16,79.3 1 0
github.com/fanzhangio/demo-extending-k8s/pkg/controller/database/database_controller.go:83.16,85.3 1 0
github.com/fanzhangio/demo-extending-k8s/pkg/controller/database/database_controller.go:106.92,111.16 4 0
github.com/fanzhangio/demo-extending-k8s/pkg/controller/database/database_controller.go:121.2,129.42 5 0
github.com/fanzhangio/demo-extending-k8s/pkg/controller/database/database_controller.go:139.2,139.45 1 0
github.com/fanzhangio/demo-extending-k8s/pkg/controller/database/database_controller.go:145.2,145.86 1 0
github.com/fanzhangio/demo-extending-k8s/pkg/controller/database/database_controller.go:153.2,154.32 2 0
github.com/fanzhangio/demo-extending-k8s/pkg/controller/database/database_controller.go:111.16,112.29 1 0
github.com/fanzhangio/demo-extending-k8s/pkg/controller/database/database_controller.go:118.3,118.33 1 0
github.com/fanzhangio/demo-extending-k8s/pkg/controller/database/database_controller.go:112.29,116.4 1 0
github.com/fanzhangio/demo-extending-k8s/pkg/controller/database/database_controller.go:129.42,132.17 3 0
github.com/fanzhangio/demo-extending-k8s/pkg/controller/database/database_controller.go:132.17,134.4 1 0
github.com/fanzhangio/demo-extending-k8s/pkg/controller/database/database_controller.go:135.8,135.23 1 0
github.com/fanzhangio/demo-extending-k8s/pkg/controller/database/database_controller.go:135.23,137.3 1 0
github.com/fanzhangio/demo-extending-k8s/pkg/controller/database/database_controller.go:139.45,143.3 3 0
github.com/fanzhangio/demo-extending-k8s/pkg/controller/database/database_controller.go:145.86,148.17 3 0
github.com/fanzhangio/demo-extending-k8s/pkg/controller/database/database_controller.go:148.17,150.4 1 0
github.com/fanzhangio/demo-extending-k8s/pkg/controller/database/database_controller.go:160.69,203.2 2 0
